bin/proguard/seeds.txt
com.networkbench.agent.impl.a.h$1
com.networkbench.agent.impl.a.h$1: com.networkbench.agent.impl.a.h a
com.networkbench.agent.impl.a.h$1: h$1(com.networkbench.agent.impl.a.h)
com.networkbench.agent.impl.a.h$1: int a(java.lang.String,java.lang.String)
com.networkbench.agent.impl.a.h$1: int compare(java.lang.Object,java.lang.Object)
com.networkbench.agent.impl.activity.IMeasuredActivity
com.networkbench.agent.impl.activity.IMeasuredActivity: java.lang.String getName()
com.networkbench.agent.impl.activity.IMeasuredActivity: java.lang.String getMetricName()
com.networkbench.agent.impl.activity.IMeasuredActivity: void setName(java.lang.String)
com.networkbench.agent.impl.activity.IMeasuredActivity: java.lang.String getBackgroundMetricName()
com.networkbench.agent.impl.activity.IMeasuredActivity: long getStartTime()
com.networkbench.agent.impl.activity.IMeasuredActivity: long getEndTime()
com.networkbench.agent.impl.activity.IMeasuredActivity: java.lang.management.ThreadInfo getStartingThread()
com.networkbench.agent.impl.activity.IMeasuredActivity: java.lang.management.ThreadInfo getEndingThread()
com.networkbench.agent.impl.activity.IMeasuredActivity: boolean isAutoInstrumented()
com.networkbench.agent.impl.activity.IMeasuredActivity: com.networkbench.agent.impl.d.d getStartingMeasurement()
com.networkbench.agent.impl.activity.IMeasuredActivity: com.networkbench.agent.impl.d.d getEndingMeasurement()
com.networkbench.agent.impl.activity.IMeasuredActivity: com.networkbench.agent.impl.d.h getMeasurementPool()
com.networkbench.agent.impl.activity.IMeasuredActivity: void finish()
com.networkbench.agent.impl.activity.IMeasuredActivity: boolean isFinished()
com.networkbench.agent.impl.activity.MeasuredActivity
com.networkbench.agent.impl.activity.MeasuredActivity: java.lang.String name
com.networkbench.agent.impl.activity.MeasuredActivity: long startTime
com.networkbench.agent.impl.activity.MeasuredActivity: long endTime
com.networkbench.agent.impl.activity.MeasuredActivity: java.lang.management.ThreadInfo startingThread
com.networkbench.agent.impl.activity.MeasuredActivity: java.lang.management.ThreadInfo endingThread
com.networkbench.agent.impl.activity.MeasuredActivity: boolean autoInstrumented
com.networkbench.agent.impl.activity.MeasuredActivity: com.networkbench.agent.impl.d.d startingMeasurement
com.networkbench.agent.impl.activity.MeasuredActivity: com.networkbench.agent.impl.d.d endingMeasurement
com.networkbench.agent.impl.activity.MeasuredActivity: com.networkbench.agent.impl.d.h measurementPool
com.networkbench.agent.impl.activity.MeasuredActivity: boolean finished
com.networkbench.agent.impl.activity.MeasuredActivity: MeasuredActivity()
com.networkbench.agent.impl.activity.MeasuredActivity: java.lang.String getName()
com.networkbench.agent.impl.activity.MeasuredActivity: java.lang.String getMetricName()
com.networkbench.agent.impl.activity.MeasuredActivity: java.lang.String getBackgroundMetricName()
com.networkbench.agent.impl.activity.MeasuredActivity: long getStartTime()
com.networkbench.agent.impl.activity.MeasuredActivity: long getEndTime()
com.networkbench.agent.impl.activity.NamedActivity
com.networkbench.agent.impl.activity.NamedActivity: com.networkbench.agent.impl.c.c log
com.networkbench.agent.impl.activity.NamedActivity: NamedActivity(java.lang.String)
com.networkbench.agent.impl.activity.NamedActivity: void rename(java.lang.String)