bin/proguard/mapping.txt
com.networkbench.com.google.gson.internal.a.c$a -> com.networkbench.com.google.gson.internal.a.c$a:
    com.networkbench.com.google.gson.TypeAdapter a -> a
    com.networkbench.com.google.gson.internal.ObjectConstructor b -> b
    java.util.Collection a(com.networkbench.com.google.gson.stream.JsonReader) -> a
    void a(com.networkbench.com.google.gson.stream.JsonWriter,java.util.Collection) -> a
    java.lang.Object read(com.networkbench.com.google.gson.stream.JsonReader) -> read
    void write(com.networkbench.com.google.gson.stream.JsonWriter,java.lang.Object) -> write
com.networkbench.com.google.gson.internal.a.d -> com.networkbench.com.google.gson.internal.a.d:
    com.networkbench.com.google.gson.TypeAdapterFactory a -> a
    java.text.DateFormat b -> b
    java.text.DateFormat c -> c
    java.text.DateFormat d -> d
    java.text.DateFormat a() -> a
    java.util.Date a(com.networkbench.com.google.gson.stream.JsonReader) -> a
    java.util.Date a(java.lang.String) -> a
    void a(com.networkbench.com.google.gson.stream.JsonWriter,java.util.Date) -> a
    java.lang.Object read(com.networkbench.com.google.gson.stream.JsonReader) -> read
    void write(com.networkbench.com.google.gson.stream.JsonWriter,java.lang.Object) -> write
com.networkbench.com.google.gson.internal.a.d$1 -> com.networkbench.com.google.gson.internal.a.d$1:
    com.networkbench.com.google.gson.TypeAdapter create(com.networkbench.com.google.gson.Gson,com.networkbench.com.google.gson.reflect.TypeToken) -> create
com.networkbench.com.google.gson.internal.a.e -> com.networkbench.com.google.gson.internal.a.e:
    java.io.Reader a -> a
    java.lang.Object b -> b
    java.util.List c -> c
    void beginArray() -> beginArray
    void endArray() -> endArray
    void beginObject() -> beginObject
    void endObject() -> endObject
    boolean hasNext() -> hasNext
    com.networkbench.com.google.gson.stream.JsonToken peek() -> peek
    java.lang.Object b() -> b
    java.lang.Object c() -> c
    void a(com.networkbench.com.google.gson.stream.JsonToken) -> a
    java.lang.String nextName() -> nextName
    java.lang.String nextString() -> nextString
    boolean nextBoolean() -> nextBoolean
    void nextNull() -> nextNull
    double nextDouble() -> nextDouble
    long nextLong() -> nextLong
    int nextInt() -> nextInt
    void close() -> close
    void skipValue() -> skipValue
    java.lang.String toString() -> toString
    void a() -> a
com.networkbench.com.google.gson.internal.a.e$1 -> com.networkbench.com.google.gson.internal.a.e$1:
    int read(char[],int,int) -> read
    void close() -> close